<?xml version="1.0" encoding="UTF-8"?>
<!-- Generated by org.testng.reporters.JUnitReportReporter -->
<testsuite hostname="UK-L-GHTKL33" failures="0" tests="2" name="com.sauce.demo.automation.testrunners.BaseRunner" time="8.087" errors="0" timestamp="2022-11-02T20:39:08 GMT" skipped="0">
  <testcase classname="com.sauce.demo.automation.testrunners.BaseRunner" name="runScenario" time="3.712"/>
  <system-out/>
  <testcase classname="com.sauce.demo.automation.testrunners.BaseRunner" name="runScenario" time="4.375"/>
  <system-out/>
</testsuite> <!-- com.sauce.demo.automation.testrunners.BaseRunner -->
